mode: count
github.com/MarkoPoloResearchLab/ledger/cmd/credit/main.go:62.13,64.38 2 3
github.com/MarkoPoloResearchLab/ledger/cmd/credit/main.go:64.38,66.86 2 2
github.com/MarkoPoloResearchLab/ledger/cmd/credit/main.go:66.86,67.90 1 1
github.com/MarkoPoloResearchLab/ledger/cmd/credit/main.go:67.90,69.5 1 1
github.com/MarkoPoloResearchLab/ledger/cmd/credit/main.go:71.3,71.21 1 2
github.com/MarkoPoloResearchLab/ledger/cmd/credit/main.go:75.38,82.68 2 14
github.com/MarkoPoloResearchLab/ledger/cmd/credit/main.go:82.68,84.4 1 1
github.com/MarkoPoloResearchLab/ledger/cmd/credit/main.go:85.55,89.4 3 1
github.com/MarkoPoloResearchLab/ledger/cmd/credit/main.go:92.2,94.12 2 14
github.com/MarkoPoloResearchLab/ledger/cmd/credit/main.go:97.63,101.22 3 11
github.com/MarkoPoloResearchLab/ledger/cmd/credit/main.go:101.22,103.3 1 1
github.com/MarkoPoloResearchLab/ledger/cmd/credit/main.go:105.2,105.47 1 11
github.com/MarkoPoloResearchLab/ledger/cmd/credit/main.go:105.47,107.3 1 2
github.com/MarkoPoloResearchLab/ledger/cmd/credit/main.go:109.2,110.16 2 9
github.com/MarkoPoloResearchLab/ledger/cmd/credit/main.go:110.16,112.3 1 1
github.com/MarkoPoloResearchLab/ledger/cmd/credit/main.go:115.2,118.66 3 8
github.com/MarkoPoloResearchLab/ledger/cmd/credit/main.go:118.66,120.3 1 1
github.com/MarkoPoloResearchLab/ledger/cmd/credit/main.go:122.2,122.41 1 7
github.com/MarkoPoloResearchLab/ledger/cmd/credit/main.go:122.41,124.3 1 1
github.com/MarkoPoloResearchLab/ledger/cmd/credit/main.go:127.2,127.54 1 6
github.com/MarkoPoloResearchLab/ledger/cmd/credit/main.go:127.54,129.3 1 1
github.com/MarkoPoloResearchLab/ledger/cmd/credit/main.go:130.2,130.53 1 5
github.com/MarkoPoloResearchLab/ledger/cmd/credit/main.go:130.53,132.3 1 1
github.com/MarkoPoloResearchLab/ledger/cmd/credit/main.go:134.2,134.37 1 4
github.com/MarkoPoloResearchLab/ledger/cmd/credit/main.go:134.37,135.41 1 4
github.com/MarkoPoloResearchLab/ledger/cmd/credit/main.go:135.41,137.4 1 1
github.com/MarkoPoloResearchLab/ledger/cmd/credit/main.go:138.3,138.48 1 3
github.com/MarkoPoloResearchLab/ledger/cmd/credit/main.go:138.48,140.4 1 1
github.com/MarkoPoloResearchLab/ledger/cmd/credit/main.go:143.2,143.12 1 2
github.com/MarkoPoloResearchLab/ledger/cmd/credit/main.go:148.63,150.16 2 3
github.com/MarkoPoloResearchLab/ledger/cmd/credit/main.go:150.16,152.3 1 1
github.com/MarkoPoloResearchLab/ledger/cmd/credit/main.go:153.2,153.15 1 2
github.com/MarkoPoloResearchLab/ledger/cmd/credit/main.go:153.15,153.36 1 2
github.com/MarkoPoloResearchLab/ledger/cmd/credit/main.go:155.2,155.58 1 2
github.com/MarkoPoloResearchLab/ledger/cmd/credit/main.go:158.112,160.16 2 11
github.com/MarkoPoloResearchLab/ledger/cmd/credit/main.go:160.16,162.3 1 1
github.com/MarkoPoloResearchLab/ledger/cmd/credit/main.go:163.2,163.15 1 10
github.com/MarkoPoloResearchLab/ledger/cmd/credit/main.go:163.15,164.49 1 10
github.com/MarkoPoloResearchLab/ledger/cmd/credit/main.go:164.49,166.4 1 1
github.com/MarkoPoloResearchLab/ledger/cmd/credit/main.go:169.2,169.58 1 10
github.com/MarkoPoloResearchLab/ledger/cmd/credit/main.go:169.58,171.3 1 1
github.com/MarkoPoloResearchLab/ledger/cmd/credit/main.go:173.2,174.24 2 9
github.com/MarkoPoloResearchLab/ledger/cmd/credit/main.go:174.24,174.58 1 7
github.com/MarkoPoloResearchLab/ledger/cmd/credit/main.go:175.2,181.16 3 9
github.com/MarkoPoloResearchLab/ledger/cmd/credit/main.go:181.16,183.3 1 1
github.com/MarkoPoloResearchLab/ledger/cmd/credit/main.go:185.2,186.16 2 8
github.com/MarkoPoloResearchLab/ledger/cmd/credit/main.go:186.16,188.3 1 2
github.com/MarkoPoloResearchLab/ledger/cmd/credit/main.go:190.2,192.37 3 6
github.com/MarkoPoloResearchLab/ledger/cmd/credit/main.go:192.37,195.3 2 6
github.com/MarkoPoloResearchLab/ledger/cmd/credit/main.go:197.2,207.12 4 6
github.com/MarkoPoloResearchLab/ledger/cmd/credit/main.go:207.12,210.3 2 6
github.com/MarkoPoloResearchLab/ledger/cmd/credit/main.go:212.2,212.52 1 6
github.com/MarkoPoloResearchLab/ledger/cmd/credit/main.go:223.110,224.9 1 11
github.com/MarkoPoloResearchLab/ledger/cmd/credit/main.go:225.20,228.80 3 6
github.com/MarkoPoloResearchLab/ledger/cmd/credit/main.go:228.80,230.4 1 0
github.com/MarkoPoloResearchLab/ledger/cmd/credit/main.go:231.3,231.13 1 6
github.com/MarkoPoloResearchLab/ledger/cmd/credit/main.go:232.27,233.40 1 5
github.com/MarkoPoloResearchLab/ledger/cmd/credit/main.go:233.40,235.4 1 1
github.com/MarkoPoloResearchLab/ledger/cmd/credit/main.go:236.3,236.18 1 4
github.com/MarkoPoloResearchLab/ledger/cmd/credit/main.go:244.48,246.9 2 12
github.com/MarkoPoloResearchLab/ledger/cmd/credit/main.go:246.9,248.3 1 2
github.com/MarkoPoloResearchLab/ledger/cmd/credit/main.go:249.2,250.15 2 10
github.com/MarkoPoloResearchLab/ledger/cmd/credit/main.go:253.50,255.9 2 11
github.com/MarkoPoloResearchLab/ledger/cmd/credit/main.go:255.9,257.3 1 1
github.com/MarkoPoloResearchLab/ledger/cmd/credit/main.go:258.2,259.17 2 10
github.com/MarkoPoloResearchLab/ledger/cmd/credit/main.go:262.50,264.9 2 26
github.com/MarkoPoloResearchLab/ledger/cmd/credit/main.go:264.9,266.3 1 2
github.com/MarkoPoloResearchLab/ledger/cmd/credit/main.go:267.2,268.17 2 24
github.com/MarkoPoloResearchLab/ledger/cmd/credit/main.go:271.86,272.132 1 8
github.com/MarkoPoloResearchLab/ledger/cmd/credit/main.go:272.132,274.21 2 15
github.com/MarkoPoloResearchLab/ledger/cmd/credit/main.go:274.21,276.4 1 1
github.com/MarkoPoloResearchLab/ledger/cmd/credit/main.go:278.3,279.10 2 14
github.com/MarkoPoloResearchLab/ledger/cmd/credit/main.go:279.10,281.4 1 1
github.com/MarkoPoloResearchLab/ledger/cmd/credit/main.go:283.3,284.10 2 13
github.com/MarkoPoloResearchLab/ledger/cmd/credit/main.go:284.10,286.4 1 2
github.com/MarkoPoloResearchLab/ledger/cmd/credit/main.go:288.3,289.27 2 11
github.com/MarkoPoloResearchLab/ledger/cmd/credit/main.go:289.27,291.4 1 1
github.com/MarkoPoloResearchLab/ledger/cmd/credit/main.go:293.3,295.46 3 10
github.com/MarkoPoloResearchLab/ledger/cmd/credit/main.go:295.46,297.4 1 1
github.com/MarkoPoloResearchLab/ledger/cmd/credit/main.go:299.3,300.39 2 9
github.com/MarkoPoloResearchLab/ledger/cmd/credit/main.go:300.39,302.4 1 1
github.com/MarkoPoloResearchLab/ledger/cmd/credit/main.go:304.3,304.31 1 8
github.com/MarkoPoloResearchLab/ledger/cmd/credit/main.go:308.76,309.132 1 8
github.com/MarkoPoloResearchLab/ledger/cmd/credit/main.go:309.132,319.53 5 10
github.com/MarkoPoloResearchLab/ledger/cmd/credit/main.go:319.53,321.4 1 9
github.com/MarkoPoloResearchLab/ledger/cmd/credit/main.go:322.3,322.59 1 10
github.com/MarkoPoloResearchLab/ledger/cmd/credit/main.go:322.59,324.4 1 9
github.com/MarkoPoloResearchLab/ledger/cmd/credit/main.go:325.3,325.59 1 10
github.com/MarkoPoloResearchLab/ledger/cmd/credit/main.go:325.59,327.4 1 9
github.com/MarkoPoloResearchLab/ledger/cmd/credit/main.go:328.3,328.17 1 10
github.com/MarkoPoloResearchLab/ledger/cmd/credit/main.go:328.17,330.4 1 4
github.com/MarkoPoloResearchLab/ledger/cmd/credit/main.go:330.9,332.4 1 6
github.com/MarkoPoloResearchLab/ledger/cmd/credit/main.go:333.3,333.23 1 10
github.com/MarkoPoloResearchLab/ledger/cmd/credit/main.go:341.94,342.43 1 11
github.com/MarkoPoloResearchLab/ledger/cmd/credit/main.go:342.43,344.3 1 1
github.com/MarkoPoloResearchLab/ledger/cmd/credit/main.go:345.2,347.18 3 10
github.com/MarkoPoloResearchLab/ledger/cmd/credit/main.go:347.18,348.25 1 3
github.com/MarkoPoloResearchLab/ledger/cmd/credit/main.go:348.25,350.4 1 2
github.com/MarkoPoloResearchLab/ledger/cmd/credit/main.go:350.9,352.4 1 1
github.com/MarkoPoloResearchLab/ledger/cmd/credit/main.go:354.2,358.47 2 10
github.com/MarkoPoloResearchLab/ledger/cmd/credit/main.go:358.47,360.3 1 7
github.com/MarkoPoloResearchLab/ledger/cmd/credit/main.go:361.2,361.57 1 10
github.com/MarkoPoloResearchLab/ledger/cmd/credit/main.go:361.57,363.3 1 7
github.com/MarkoPoloResearchLab/ledger/cmd/credit/main.go:364.2,364.57 1 10
github.com/MarkoPoloResearchLab/ledger/cmd/credit/main.go:364.57,366.3 1 7
github.com/MarkoPoloResearchLab/ledger/cmd/credit/main.go:367.2,367.23 1 10
github.com/MarkoPoloResearchLab/ledger/cmd/credit/main.go:367.23,369.3 1 7
github.com/MarkoPoloResearchLab/ledger/cmd/credit/main.go:370.2,370.32 1 10
github.com/MarkoPoloResearchLab/ledger/cmd/credit/main.go:370.32,371.69 1 4
github.com/MarkoPoloResearchLab/ledger/cmd/credit/main.go:371.69,373.4 1 4
github.com/MarkoPoloResearchLab/ledger/cmd/credit/main.go:375.2,375.53 1 10
github.com/MarkoPoloResearchLab/ledger/cmd/credit/main.go:375.53,377.3 1 7
github.com/MarkoPoloResearchLab/ledger/cmd/credit/main.go:378.2,378.77 1 10
github.com/MarkoPoloResearchLab/ledger/cmd/credit/main.go:378.77,380.3 1 3
github.com/MarkoPoloResearchLab/ledger/cmd/credit/main.go:381.2,381.24 1 10
github.com/MarkoPoloResearchLab/ledger/cmd/credit/main.go:381.24,385.3 3 5
github.com/MarkoPoloResearchLab/ledger/cmd/credit/main.go:386.2,386.56 1 5
github.com/MarkoPoloResearchLab/ledger/cmd/credit/main.go:389.92,391.16 2 19
github.com/MarkoPoloResearchLab/ledger/cmd/credit/main.go:391.16,393.3 1 2
github.com/MarkoPoloResearchLab/ledger/cmd/credit/main.go:395.2,399.16 3 17
github.com/MarkoPoloResearchLab/ledger/cmd/credit/main.go:400.18,401.50 1 1
github.com/MarkoPoloResearchLab/ledger/cmd/credit/main.go:402.16,403.55 1 15
github.com/MarkoPoloResearchLab/ledger/cmd/credit/main.go:404.10,405.76 1 1
github.com/MarkoPoloResearchLab/ledger/cmd/credit/main.go:407.2,407.16 1 16
github.com/MarkoPoloResearchLab/ledger/cmd/credit/main.go:407.16,409.3 1 1
github.com/MarkoPoloResearchLab/ledger/cmd/credit/main.go:410.2,411.16 2 15
github.com/MarkoPoloResearchLab/ledger/cmd/credit/main.go:411.16,413.3 1 1
github.com/MarkoPoloResearchLab/ledger/cmd/credit/main.go:414.2,414.26 1 14
github.com/MarkoPoloResearchLab/ledger/cmd/credit/main.go:414.26,414.50 1 14
github.com/MarkoPoloResearchLab/ledger/cmd/credit/main.go:415.2,415.50 1 14
github.com/MarkoPoloResearchLab/ledger/cmd/credit/main.go:418.56,419.86 1 34
github.com/MarkoPoloResearchLab/ledger/cmd/credit/main.go:419.86,421.3 1 3
github.com/MarkoPoloResearchLab/ledger/cmd/credit/main.go:422.2,422.37 1 31
github.com/MarkoPoloResearchLab/ledger/cmd/credit/main.go:422.37,424.17 2 7
github.com/MarkoPoloResearchLab/ledger/cmd/credit/main.go:424.17,426.4 1 3
github.com/MarkoPoloResearchLab/ledger/cmd/credit/main.go:427.3,427.34 1 4
github.com/MarkoPoloResearchLab/ledger/cmd/credit/main.go:429.2,429.74 1 24
github.com/MarkoPoloResearchLab/ledger/cmd/credit/main.go:429.74,431.17 2 5
github.com/MarkoPoloResearchLab/ledger/cmd/credit/main.go:431.17,433.4 1 3
github.com/MarkoPoloResearchLab/ledger/cmd/credit/main.go:434.3,434.75 1 2
github.com/MarkoPoloResearchLab/ledger/cmd/credit/main.go:434.75,436.4 1 2
github.com/MarkoPoloResearchLab/ledger/cmd/credit/main.go:438.2,438.41 1 19
github.com/MarkoPoloResearchLab/ledger/cmd/credit/main.go:438.41,440.17 2 18
github.com/MarkoPoloResearchLab/ledger/cmd/credit/main.go:440.17,442.4 1 1
github.com/MarkoPoloResearchLab/ledger/cmd/credit/main.go:443.3,444.17 2 17
github.com/MarkoPoloResearchLab/ledger/cmd/credit/main.go:444.17,446.4 1 9
github.com/MarkoPoloResearchLab/ledger/cmd/credit/main.go:447.3,447.32 1 17
github.com/MarkoPoloResearchLab/ledger/cmd/credit/main.go:447.32,449.4 1 2
github.com/MarkoPoloResearchLab/ledger/cmd/credit/main.go:450.3,451.35 2 17
github.com/MarkoPoloResearchLab/ledger/cmd/credit/main.go:453.2,454.34 2 1
github.com/MarkoPoloResearchLab/ledger/cmd/credit/main.go:457.57,459.16 2 12
github.com/MarkoPoloResearchLab/ledger/cmd/credit/main.go:459.16,461.3 1 2
github.com/MarkoPoloResearchLab/ledger/cmd/credit/main.go:462.2,462.25 1 10
github.com/MarkoPoloResearchLab/ledger/cmd/credit/main.go:462.25,464.3 1 3
github.com/MarkoPoloResearchLab/ledger/cmd/credit/main.go:465.2,465.53 1 7
github.com/MarkoPoloResearchLab/ledger/cmd/credit/main.go:465.53,467.3 1 2
github.com/MarkoPoloResearchLab/ledger/cmd/credit/main.go:468.2,468.42 1 5
github.com/MarkoPoloResearchLab/ledger/cmd/credit/main.go:468.42,470.3 1 2
github.com/MarkoPoloResearchLab/ledger/cmd/credit/main.go:471.2,471.60 1 3
github.com/MarkoPoloResearchLab/ledger/cmd/credit/main.go:471.60,473.3 1 1
github.com/MarkoPoloResearchLab/ledger/cmd/credit/main.go:474.2,474.17 1 2
github.com/MarkoPoloResearchLab/ledger/cmd/credit/main.go:477.55,478.24 1 26
github.com/MarkoPoloResearchLab/ledger/cmd/credit/main.go:478.24,480.3 1 8
github.com/MarkoPoloResearchLab/ledger/cmd/credit/main.go:481.2,481.34 1 18
github.com/MarkoPoloResearchLab/ledger/cmd/credit/main.go:481.34,482.64 1 12
github.com/MarkoPoloResearchLab/ledger/cmd/credit/main.go:482.64,484.4 1 2
github.com/MarkoPoloResearchLab/ledger/cmd/credit/main.go:485.3,485.19 1 10
github.com/MarkoPoloResearchLab/ledger/cmd/credit/main.go:487.2,488.62 2 6
github.com/MarkoPoloResearchLab/ledger/cmd/credit/main.go:488.62,490.3 1 1
github.com/MarkoPoloResearchLab/ledger/cmd/credit/main.go:491.2,491.17 1 5
github.com/MarkoPoloResearchLab/ledger/cmd/credit/main.go:494.54,495.24 1 17
github.com/MarkoPoloResearchLab/ledger/cmd/credit/main.go:495.24,497.17 2 15
github.com/MarkoPoloResearchLab/ledger/cmd/credit/main.go:497.17,499.4 1 1
github.com/MarkoPoloResearchLab/ledger/cmd/credit/main.go:500.3,503.67 3 14
github.com/MarkoPoloResearchLab/ledger/cmd/credit/main.go:503.67,505.4 1 2
github.com/MarkoPoloResearchLab/ledger/cmd/credit/main.go:506.3,506.68 1 12
github.com/MarkoPoloResearchLab/ledger/cmd/credit/main.go:506.68,508.4 1 1
github.com/MarkoPoloResearchLab/ledger/cmd/credit/main.go:509.3,509.66 1 11
github.com/MarkoPoloResearchLab/ledger/cmd/credit/main.go:509.66,511.4 1 1
github.com/MarkoPoloResearchLab/ledger/cmd/credit/main.go:513.2,513.113 1 12
github.com/MarkoPoloResearchLab/ledger/cmd/credit/main.go:513.113,515.3 1 1
github.com/MarkoPoloResearchLab/ledger/cmd/credit/main.go:516.2,516.12 1 11
