mode: count
github.com/MarkoPoloResearchLab/ledger/internal/store/gormstore/gormstore.go:47.30,49.2 1 35
github.com/MarkoPoloResearchLab/ledger/internal/store/gormstore/gormstore.go:52.113,53.80 1 2
github.com/MarkoPoloResearchLab/ledger/internal/store/gormstore/gormstore.go:53.80,55.3 1 2
github.com/MarkoPoloResearchLab/ledger/internal/store/gormstore/gormstore.go:58.163,70.16 3 30
github.com/MarkoPoloResearchLab/ledger/internal/store/gormstore/gormstore.go:70.16,72.3 1 1
github.com/MarkoPoloResearchLab/ledger/internal/store/gormstore/gormstore.go:73.2,74.16 2 29
github.com/MarkoPoloResearchLab/ledger/internal/store/gormstore/gormstore.go:74.16,76.3 1 1
github.com/MarkoPoloResearchLab/ledger/internal/store/gormstore/gormstore.go:77.2,77.23 1 28
github.com/MarkoPoloResearchLab/ledger/internal/store/gormstore/gormstore.go:80.106,82.40 2 15
github.com/MarkoPoloResearchLab/ledger/internal/store/gormstore/gormstore.go:82.40,85.3 2 1
github.com/MarkoPoloResearchLab/ledger/internal/store/gormstore/gormstore.go:86.2,88.20 3 15
github.com/MarkoPoloResearchLab/ledger/internal/store/gormstore/gormstore.go:88.20,91.3 2 2
github.com/MarkoPoloResearchLab/ledger/internal/store/gormstore/gormstore.go:92.2,94.17 3 15
github.com/MarkoPoloResearchLab/ledger/internal/store/gormstore/gormstore.go:94.17,97.3 2 2
github.com/MarkoPoloResearchLab/ledger/internal/store/gormstore/gormstore.go:98.2,100.25 3 15
github.com/MarkoPoloResearchLab/ledger/internal/store/gormstore/gormstore.go:100.25,102.3 1 14
github.com/MarkoPoloResearchLab/ledger/internal/store/gormstore/gormstore.go:103.2,115.32 3 15
github.com/MarkoPoloResearchLab/ledger/internal/store/gormstore/gormstore.go:115.32,117.3 1 1
github.com/MarkoPoloResearchLab/ledger/internal/store/gormstore/gormstore.go:118.2,118.16 1 14
github.com/MarkoPoloResearchLab/ledger/internal/store/gormstore/gormstore.go:118.16,120.3 1 1
github.com/MarkoPoloResearchLab/ledger/internal/store/gormstore/gormstore.go:121.2,122.16 2 13
github.com/MarkoPoloResearchLab/ledger/internal/store/gormstore/gormstore.go:122.16,124.3 1 1
github.com/MarkoPoloResearchLab/ledger/internal/store/gormstore/gormstore.go:125.2,125.28 1 12
github.com/MarkoPoloResearchLab/ledger/internal/store/gormstore/gormstore.go:128.125,134.16 3 5
github.com/MarkoPoloResearchLab/ledger/internal/store/gormstore/gormstore.go:134.16,135.45 1 3
github.com/MarkoPoloResearchLab/ledger/internal/store/gormstore/gormstore.go:135.45,137.4 1 2
github.com/MarkoPoloResearchLab/ledger/internal/store/gormstore/gormstore.go:138.3,138.78 1 1
github.com/MarkoPoloResearchLab/ledger/internal/store/gormstore/gormstore.go:140.2,141.16 2 2
github.com/MarkoPoloResearchLab/ledger/internal/store/gormstore/gormstore.go:141.16,143.3 1 1
github.com/MarkoPoloResearchLab/ledger/internal/store/gormstore/gormstore.go:144.2,144.19 1 1
github.com/MarkoPoloResearchLab/ledger/internal/store/gormstore/gormstore.go:147.155,152.16 3 4
github.com/MarkoPoloResearchLab/ledger/internal/store/gormstore/gormstore.go:152.16,153.45 1 2
github.com/MarkoPoloResearchLab/ledger/internal/store/gormstore/gormstore.go:153.45,155.4 1 1
github.com/MarkoPoloResearchLab/ledger/internal/store/gormstore/gormstore.go:156.3,156.78 1 1
github.com/MarkoPoloResearchLab/ledger/internal/store/gormstore/gormstore.go:158.2,159.16 2 2
github.com/MarkoPoloResearchLab/ledger/internal/store/gormstore/gormstore.go:159.16,161.3 1 1
github.com/MarkoPoloResearchLab/ledger/internal/store/gormstore/gormstore.go:162.2,162.19 1 1
github.com/MarkoPoloResearchLab/ledger/internal/store/gormstore/gormstore.go:165.141,174.16 3 3
github.com/MarkoPoloResearchLab/ledger/internal/store/gormstore/gormstore.go:174.16,176.3 1 1
github.com/MarkoPoloResearchLab/ledger/internal/store/gormstore/gormstore.go:177.2,178.16 2 2
github.com/MarkoPoloResearchLab/ledger/internal/store/gormstore/gormstore.go:178.16,180.3 1 1
github.com/MarkoPoloResearchLab/ledger/internal/store/gormstore/gormstore.go:181.2,181.22 1 1
github.com/MarkoPoloResearchLab/ledger/internal/store/gormstore/gormstore.go:184.130,194.16 4 2
github.com/MarkoPoloResearchLab/ledger/internal/store/gormstore/gormstore.go:194.16,196.3 1 1
github.com/MarkoPoloResearchLab/ledger/internal/store/gormstore/gormstore.go:197.2,197.49 1 1
github.com/MarkoPoloResearchLab/ledger/internal/store/gormstore/gormstore.go:200.130,209.16 4 6
github.com/MarkoPoloResearchLab/ledger/internal/store/gormstore/gormstore.go:209.16,211.3 1 1
github.com/MarkoPoloResearchLab/ledger/internal/store/gormstore/gormstore.go:212.2,213.16 2 5
github.com/MarkoPoloResearchLab/ledger/internal/store/gormstore/gormstore.go:213.16,215.3 1 1
github.com/MarkoPoloResearchLab/ledger/internal/store/gormstore/gormstore.go:216.2,216.25 1 4
github.com/MarkoPoloResearchLab/ledger/internal/store/gormstore/gormstore.go:219.98,221.41 2 6
github.com/MarkoPoloResearchLab/ledger/internal/store/gormstore/gormstore.go:221.41,224.3 2 1
github.com/MarkoPoloResearchLab/ledger/internal/store/gormstore/gormstore.go:225.2,233.32 3 6
github.com/MarkoPoloResearchLab/ledger/internal/store/gormstore/gormstore.go:233.32,235.3 1 1
github.com/MarkoPoloResearchLab/ledger/internal/store/gormstore/gormstore.go:236.2,236.16 1 5
github.com/MarkoPoloResearchLab/ledger/internal/store/gormstore/gormstore.go:236.16,238.3 1 1
github.com/MarkoPoloResearchLab/ledger/internal/store/gormstore/gormstore.go:239.2,239.12 1 4
github.com/MarkoPoloResearchLab/ledger/internal/store/gormstore/gormstore.go:242.149,248.16 3 10
github.com/MarkoPoloResearchLab/ledger/internal/store/gormstore/gormstore.go:248.16,249.45 1 2
github.com/MarkoPoloResearchLab/ledger/internal/store/gormstore/gormstore.go:249.45,251.4 1 1
github.com/MarkoPoloResearchLab/ledger/internal/store/gormstore/gormstore.go:252.3,252.90 1 1
github.com/MarkoPoloResearchLab/ledger/internal/store/gormstore/gormstore.go:254.2,255.16 2 8
github.com/MarkoPoloResearchLab/ledger/internal/store/gormstore/gormstore.go:255.16,257.3 1 2
github.com/MarkoPoloResearchLab/ledger/internal/store/gormstore/gormstore.go:258.2,259.16 2 6
github.com/MarkoPoloResearchLab/ledger/internal/store/gormstore/gormstore.go:259.16,261.3 1 1
github.com/MarkoPoloResearchLab/ledger/internal/store/gormstore/gormstore.go:262.2,263.16 2 5
github.com/MarkoPoloResearchLab/ledger/internal/store/gormstore/gormstore.go:263.16,265.3 1 2
github.com/MarkoPoloResearchLab/ledger/internal/store/gormstore/gormstore.go:266.2,267.16 2 3
github.com/MarkoPoloResearchLab/ledger/internal/store/gormstore/gormstore.go:267.16,269.3 1 1
github.com/MarkoPoloResearchLab/ledger/internal/store/gormstore/gormstore.go:270.2,271.28 2 2
github.com/MarkoPoloResearchLab/ledger/internal/store/gormstore/gormstore.go:271.28,273.3 1 1
github.com/MarkoPoloResearchLab/ledger/internal/store/gormstore/gormstore.go:274.2,283.16 2 2
github.com/MarkoPoloResearchLab/ledger/internal/store/gormstore/gormstore.go:283.16,285.3 1 0
github.com/MarkoPoloResearchLab/ledger/internal/store/gormstore/gormstore.go:286.2,286.25 1 2
github.com/MarkoPoloResearchLab/ledger/internal/store/gormstore/gormstore.go:289.171,294.25 2 3
github.com/MarkoPoloResearchLab/ledger/internal/store/gormstore/gormstore.go:294.25,296.3 1 1
github.com/MarkoPoloResearchLab/ledger/internal/store/gormstore/gormstore.go:297.2,297.30 1 2
github.com/MarkoPoloResearchLab/ledger/internal/store/gormstore/gormstore.go:297.30,299.3 1 1
github.com/MarkoPoloResearchLab/ledger/internal/store/gormstore/gormstore.go:300.2,300.12 1 1
github.com/MarkoPoloResearchLab/ledger/internal/store/gormstore/gormstore.go:303.194,305.31 2 8
github.com/MarkoPoloResearchLab/ledger/internal/store/gormstore/gormstore.go:305.31,307.3 1 7
github.com/MarkoPoloResearchLab/ledger/internal/store/gormstore/gormstore.go:309.2,315.30 3 8
github.com/MarkoPoloResearchLab/ledger/internal/store/gormstore/gormstore.go:315.30,317.42 2 1
github.com/MarkoPoloResearchLab/ledger/internal/store/gormstore/gormstore.go:317.42,319.4 1 1
github.com/MarkoPoloResearchLab/ledger/internal/store/gormstore/gormstore.go:320.3,320.51 1 1
github.com/MarkoPoloResearchLab/ledger/internal/store/gormstore/gormstore.go:323.2,323.48 1 8
github.com/MarkoPoloResearchLab/ledger/internal/store/gormstore/gormstore.go:323.48,325.3 1 1
github.com/MarkoPoloResearchLab/ledger/internal/store/gormstore/gormstore.go:327.2,328.27 2 7
github.com/MarkoPoloResearchLab/ledger/internal/store/gormstore/gormstore.go:328.27,330.17 2 8
github.com/MarkoPoloResearchLab/ledger/internal/store/gormstore/gormstore.go:330.17,332.4 1 1
github.com/MarkoPoloResearchLab/ledger/internal/store/gormstore/gormstore.go:333.3,334.17 2 7
github.com/MarkoPoloResearchLab/ledger/internal/store/gormstore/gormstore.go:334.17,336.4 1 1
github.com/MarkoPoloResearchLab/ledger/internal/store/gormstore/gormstore.go:337.3,338.17 2 6
github.com/MarkoPoloResearchLab/ledger/internal/store/gormstore/gormstore.go:338.17,340.4 1 1
github.com/MarkoPoloResearchLab/ledger/internal/store/gormstore/gormstore.go:341.3,342.27 2 5
github.com/MarkoPoloResearchLab/ledger/internal/store/gormstore/gormstore.go:342.27,344.4 1 1
github.com/MarkoPoloResearchLab/ledger/internal/store/gormstore/gormstore.go:345.3,354.17 2 5
github.com/MarkoPoloResearchLab/ledger/internal/store/gormstore/gormstore.go:354.17,356.4 1 1
github.com/MarkoPoloResearchLab/ledger/internal/store/gormstore/gormstore.go:357.3,357.51 1 4
github.com/MarkoPoloResearchLab/ledger/internal/store/gormstore/gormstore.go:359.2,359.26 1 3
github.com/MarkoPoloResearchLab/ledger/internal/store/gormstore/gormstore.go:362.171,364.24 2 10
github.com/MarkoPoloResearchLab/ledger/internal/store/gormstore/gormstore.go:364.24,366.3 1 10
github.com/MarkoPoloResearchLab/ledger/internal/store/gormstore/gormstore.go:368.2,372.27 3 10
github.com/MarkoPoloResearchLab/ledger/internal/store/gormstore/gormstore.go:372.27,374.42 2 2
github.com/MarkoPoloResearchLab/ledger/internal/store/gormstore/gormstore.go:374.42,376.4 1 2
github.com/MarkoPoloResearchLab/ledger/internal/store/gormstore/gormstore.go:377.3,377.47 1 2
github.com/MarkoPoloResearchLab/ledger/internal/store/gormstore/gormstore.go:379.2,379.33 1 10
github.com/MarkoPoloResearchLab/ledger/internal/store/gormstore/gormstore.go:379.33,381.3 1 2
github.com/MarkoPoloResearchLab/ledger/internal/store/gormstore/gormstore.go:382.2,382.40 1 10
github.com/MarkoPoloResearchLab/ledger/internal/store/gormstore/gormstore.go:382.40,384.3 1 2
github.com/MarkoPoloResearchLab/ledger/internal/store/gormstore/gormstore.go:385.2,386.16 2 10
github.com/MarkoPoloResearchLab/ledger/internal/store/gormstore/gormstore.go:386.16,388.3 1 1
github.com/MarkoPoloResearchLab/ledger/internal/store/gormstore/gormstore.go:390.2,391.27 2 9
github.com/MarkoPoloResearchLab/ledger/internal/store/gormstore/gormstore.go:391.27,393.17 2 8
github.com/MarkoPoloResearchLab/ledger/internal/store/gormstore/gormstore.go:393.17,395.4 1 1
github.com/MarkoPoloResearchLab/ledger/internal/store/gormstore/gormstore.go:396.3,396.35 1 7
github.com/MarkoPoloResearchLab/ledger/internal/store/gormstore/gormstore.go:398.2,398.21 1 8
github.com/MarkoPoloResearchLab/ledger/internal/store/gormstore/gormstore.go:401.67,403.2 1 36
github.com/MarkoPoloResearchLab/ledger/internal/store/gormstore/gormstore.go:409.60,411.16 2 36
github.com/MarkoPoloResearchLab/ledger/internal/store/gormstore/gormstore.go:411.16,413.3 1 3
github.com/MarkoPoloResearchLab/ledger/internal/store/gormstore/gormstore.go:414.2,415.16 2 33
github.com/MarkoPoloResearchLab/ledger/internal/store/gormstore/gormstore.go:415.16,417.3 1 1
github.com/MarkoPoloResearchLab/ledger/internal/store/gormstore/gormstore.go:418.2,419.16 2 32
github.com/MarkoPoloResearchLab/ledger/internal/store/gormstore/gormstore.go:419.16,421.3 1 3
github.com/MarkoPoloResearchLab/ledger/internal/store/gormstore/gormstore.go:422.2,423.16 2 29
github.com/MarkoPoloResearchLab/ledger/internal/store/gormstore/gormstore.go:423.16,425.3 1 1
github.com/MarkoPoloResearchLab/ledger/internal/store/gormstore/gormstore.go:426.2,427.30 2 28
github.com/MarkoPoloResearchLab/ledger/internal/store/gormstore/gormstore.go:427.30,429.17 2 6
github.com/MarkoPoloResearchLab/ledger/internal/store/gormstore/gormstore.go:429.17,431.4 1 1
github.com/MarkoPoloResearchLab/ledger/internal/store/gormstore/gormstore.go:432.3,432.39 1 5
github.com/MarkoPoloResearchLab/ledger/internal/store/gormstore/gormstore.go:434.2,435.32 2 27
github.com/MarkoPoloResearchLab/ledger/internal/store/gormstore/gormstore.go:435.32,437.17 2 6
github.com/MarkoPoloResearchLab/ledger/internal/store/gormstore/gormstore.go:437.17,439.4 1 1
github.com/MarkoPoloResearchLab/ledger/internal/store/gormstore/gormstore.go:440.3,440.43 1 5
github.com/MarkoPoloResearchLab/ledger/internal/store/gormstore/gormstore.go:442.2,443.16 2 26
github.com/MarkoPoloResearchLab/ledger/internal/store/gormstore/gormstore.go:443.16,445.3 1 1
github.com/MarkoPoloResearchLab/ledger/internal/store/gormstore/gormstore.go:446.2,447.16 2 25
github.com/MarkoPoloResearchLab/ledger/internal/store/gormstore/gormstore.go:447.16,449.3 1 1
github.com/MarkoPoloResearchLab/ledger/internal/store/gormstore/gormstore.go:450.2,462.16 2 24
github.com/MarkoPoloResearchLab/ledger/internal/store/gormstore/gormstore.go:462.16,464.3 1 0
github.com/MarkoPoloResearchLab/ledger/internal/store/gormstore/gormstore.go:465.2,465.19 1 24
github.com/MarkoPoloResearchLab/ledger/internal/store/gormstore/gormstore.go:468.41,469.18 1 26
github.com/MarkoPoloResearchLab/ledger/internal/store/gormstore/gormstore.go:469.18,471.3 1 23
github.com/MarkoPoloResearchLab/ledger/internal/store/gormstore/gormstore.go:472.2,472.21 1 3
github.com/MarkoPoloResearchLab/ledger/internal/store/gormstore/gormstore.go:475.47,476.15 1 29
github.com/MarkoPoloResearchLab/ledger/internal/store/gormstore/gormstore.go:476.15,478.3 1 1
github.com/MarkoPoloResearchLab/ledger/internal/store/gormstore/gormstore.go:479.2,479.36 1 28
github.com/MarkoPoloResearchLab/ledger/internal/store/gormstore/gormstore.go:482.44,483.16 1 21
github.com/MarkoPoloResearchLab/ledger/internal/store/gormstore/gormstore.go:483.16,485.3 1 14
github.com/MarkoPoloResearchLab/ledger/internal/store/gormstore/gormstore.go:486.2,486.43 1 7
github.com/MarkoPoloResearchLab/ledger/internal/store/gormstore/gormstore.go:486.43,488.3 1 1
github.com/MarkoPoloResearchLab/ledger/internal/store/gormstore/gormstore.go:489.2,490.28 2 6
github.com/MarkoPoloResearchLab/ledger/internal/store/gormstore/gormstore.go:490.28,491.42 1 4
github.com/MarkoPoloResearchLab/ledger/internal/store/gormstore/gormstore.go:491.42,493.4 1 1
github.com/MarkoPoloResearchLab/ledger/internal/store/gormstore/gormstore.go:494.3,494.61 1 3
github.com/MarkoPoloResearchLab/ledger/internal/store/gormstore/gormstore.go:494.61,496.4 1 1
github.com/MarkoPoloResearchLab/ledger/internal/store/gormstore/gormstore.go:497.3,497.62 1 2
github.com/MarkoPoloResearchLab/ledger/internal/store/gormstore/gormstore.go:497.62,499.4 1 1
github.com/MarkoPoloResearchLab/ledger/internal/store/gormstore/gormstore.go:500.3,500.14 1 1
github.com/MarkoPoloResearchLab/ledger/internal/store/gormstore/gormstore.go:502.2,503.32 2 2
github.com/MarkoPoloResearchLab/ledger/internal/store/gormstore/gormstore.go:503.32,505.3 1 1
github.com/MarkoPoloResearchLab/ledger/internal/store/gormstore/gormstore.go:506.2,506.14 1 1
github.com/MarkoPoloResearchLab/ledger/internal/store/gormstore/gormstore.go:509.44,510.16 1 11
github.com/MarkoPoloResearchLab/ledger/internal/store/gormstore/gormstore.go:510.16,512.3 1 5
github.com/MarkoPoloResearchLab/ledger/internal/store/gormstore/gormstore.go:513.2,513.43 1 6
github.com/MarkoPoloResearchLab/ledger/internal/store/gormstore/gormstore.go:513.43,515.3 1 1
github.com/MarkoPoloResearchLab/ledger/internal/store/gormstore/gormstore.go:516.2,517.28 2 5
github.com/MarkoPoloResearchLab/ledger/internal/store/gormstore/gormstore.go:517.28,518.42 1 3
github.com/MarkoPoloResearchLab/ledger/internal/store/gormstore/gormstore.go:518.42,520.4 1 1
github.com/MarkoPoloResearchLab/ledger/internal/store/gormstore/gormstore.go:521.3,521.59 1 2
github.com/MarkoPoloResearchLab/ledger/internal/store/gormstore/gormstore.go:521.59,523.4 1 1
github.com/MarkoPoloResearchLab/ledger/internal/store/gormstore/gormstore.go:524.3,524.14 1 1
github.com/MarkoPoloResearchLab/ledger/internal/store/gormstore/gormstore.go:526.2,527.32 2 2
github.com/MarkoPoloResearchLab/ledger/internal/store/gormstore/gormstore.go:527.32,529.3 1 1
github.com/MarkoPoloResearchLab/ledger/internal/store/gormstore/gormstore.go:530.2,530.14 1 1
github.com/MarkoPoloResearchLab/ledger/internal/store/gormstore/models.go:20.35,20.56 1 30
github.com/MarkoPoloResearchLab/ledger/internal/store/gormstore/models.go:22.57,23.29 1 28
github.com/MarkoPoloResearchLab/ledger/internal/store/gormstore/models.go:23.29,25.3 1 27
github.com/MarkoPoloResearchLab/ledger/internal/store/gormstore/models.go:26.2,26.12 1 28
github.com/MarkoPoloResearchLab/ledger/internal/store/gormstore/models.go:43.39,43.66 1 31
github.com/MarkoPoloResearchLab/ledger/internal/store/gormstore/models.go:45.59,46.25 1 15
github.com/MarkoPoloResearchLab/ledger/internal/store/gormstore/models.go:46.25,48.3 1 15
github.com/MarkoPoloResearchLab/ledger/internal/store/gormstore/models.go:49.2,49.12 1 15
github.com/MarkoPoloResearchLab/ledger/internal/store/gormstore/models.go:63.39,63.64 1 31
